*** Booting Zephyr OS build v3.2.99-ncs1 ***
[00:00:00.347,442] <inf> wifi_nrf: qspi_init: QSPI freq = 24 MHz

[00:00:00.347,473] <inf> wifi_nrf: qspi_init: QSPI latency = 1

[00:00:00.417,114] <inf> wifi_nrf: zep_shim_pr_info: wifi_nrf_fmac_fw_load: LMAC patches loaded

[00:00:00.427,551] <inf> wifi_nrf: zep_shim_pr_info: wifi_nrf_fmac_fw_load: LMAC boot check passed

[00:00:00.508,209] <inf> wifi_nrf: zep_shim_pr_info: wifi_nrf_fmac_fw_load: UMAC patches loaded

[00:00:00.518,615] <inf> wifi_nrf: zep_shim_pr_info: wifi_nrf_fmac_fw_load: UMAC boot check passed

[00:00:00.534,118] <inf> wifi_nrf: zep_shim_pr_info: RPU LPM type: HW

[00:00:00.842,041] <inf> net_config: net_config_init_by_iface: Initializing network
[00:00:00.842,102] <inf> net_config: setup_ipv4: IPv4 address: 192.165.100.150
[00:00:00.842,132] <inf> net_config: setup_dhcpv4: Running dhcpv4 client...
[00:00:00.842,559] <inf> wpa_supp: wpa_printf_impl: start_wpa_supplicant: 192 Starting wpa_supplicant thread with debug level: 3

[00:00:00.842,651] <inf> wpa_supp: wpa_printf_impl: Successfully initialized wpa_supplicant
[00:00:00.842,773] <inf> wpa_supp: wpa_printf_impl: iface_cb: iface wlan0 ifindex 1 f4:ce:36:00:04:22
[00:00:00.842,803] <inf> wpa_supp: wpa_printf_impl: Using interface wlan0

[00:00:00.842,864] <inf> wpa_supp: wpa_printf_impl: Initializing interface 0: wlan0

[00:00:00.843,200] <inf> wpa_supp: wpa_printf_impl: l2_packet_init: iface wlan0 ifindex 1
[00:00:01.846,252] <inf> fs_nvs: nvs_mount: 2 Sectors of 4096 bytes
[00:00:01.846,252] <inf> fs_nvs: nvs_mount: alloc wra: 0, fe8
[00:00:01.846,252] <inf> fs_nvs: nvs_mount: data wra: 0, 0
Wi-Fi provisioning service starts successfully.
[00:00:01.846,282] <wrn> wifi_prov: wifi_config_read: Error! Cannot read config.
[00:00:01.858,581] <inf> bt_hci_core: hci_vs_init: HW Platform: Nordic Semiconductor (0x0002)
[00:00:01.858,612] <inf> bt_hci_core: hci_vs_init: HW Variant: nRF53x (0x0003)
[00:00:01.858,642] <inf> bt_hci_core: hci_vs_init: Firmware: Standard Bluetooth controller (0x00) Version 109.16784 Build 2917677098
[00:00:01.860,534] <inf> bt_hci_core: bt_dev_show_info: Identity: D2:8D:3C:56:B8:5B (random)
[00:00:01.860,565] <inf> bt_hci_core: bt_dev_show_info: HCI: version 5.3 (0x0c) revision 0x21fa, manufacturer 0x0059
[00:00:01.860,595] <inf> bt_hci_core: bt_dev_show_info: LMP: version 5.3 (0x0c) subver 0x21fa
[00:00:01.860,595] <inf> wifi_prov: wifi_prov_transport_layer_init: Bluetooth initialized.
[00:00:01.860,656] <dbg> wifi_prov: update_wifi_status_in_adv: Cannot update advertisement data, err = -11
[00:00:01.862,609] <inf> wifi_prov: wifi_prov_transport_layer_init: BT Advertising successfully started.
[00:00:14.577,758] <inf> wifi_prov: connected: BT Connected: 46:49:0B:9A:C1:29 (random)
[00:00:19.758,361] <inf> wifi_prov: security_changed: BT Security changed: 46:49:0B:9A:C1:29 (random) level 2.
[00:00:19.893,096] <inf> wifi_prov: pairing_complete: BT pairing completed: 46:49:0B:9A:C1:29 (random), bonded: 0
[00:00:20.388,336] <inf> wifi_prov: control_point_ccc_cfg_changed: Wi-Fi Provisioning service - control point: indications enabled
[00:00:20.658,325] <inf> wifi_prov: data_out_ccc_cfg_changed: Wi-Fi Provisioning service - data out: notifications enabled
[00:00:21.018,310] <dbg> wifi_prov: write_prov_control_point: Control point rx: 
                                    08 01                                            |..               
[00:00:21.018,341] <dbg> wifi_prov: wifi_prov_recv_req: Control point rx: 
                                    08 01                                            |..               
[00:00:21.018,432] <inf> wifi_prov: prov_request_handler: Start parsing...
[00:00:21.018,432] <inf> wifi_prov: prov_get_status_handler: GET_STATUS received...
[00:00:22.143,218] <dbg> wifi_prov: write_prov_control_point: Control point rx: 
                                    08 02                                            |..               
[00:00:22.143,249] <dbg> wifi_prov: wifi_prov_recv_req: Control point rx: 
                                    08 02                                            |..               
[00:00:22.143,341] <inf> wifi_prov: prov_request_handler: Start parsing...
[00:00:22.143,341] <inf> wifi_prov: prov_start_scan_handler: Start_Scan received...
[00:00:22.160,278] <inf> wpa_supp: wpa_printf_impl: wlan0: CTRL-EVENT-DSCP-POLICY clear_all
[00:00:28.938,293] <dbg> wifi_prov: write_prov_control_point: Control point rx: 
                                    08 03                                            |..               
[00:00:28.938,323] <dbg> wifi_prov: wifi_prov_recv_req: Control point rx: 
                                    08 03                                            |..               
[00:00:28.938,385] <inf> wifi_prov: prov_request_handler: Start parsing...
[00:00:28.938,415] <inf> wifi_prov: prov_stop_scan_handler: Stop_Scan received...
[00:00:47.253,601] <dbg> wifi_prov: write_prov_control_point: Control point rx: 
                                    08 04 5a 33 0a 1e 0a 0e  49 6f 54 6c 61 62 2d 73
                                    75 70 70 6f 72 74 12 06  bc df 58 df f7 3c 18 01
                                    20 06 28 04 12 0d 42 69  6c 6c 69 6f 6e 49 6f 54
                                    31 32 33 18 00 20 01                                  
[00:00:47.253,631] <dbg> wifi_prov: wifi_prov_recv_req: Control point rx: 
                                    08 04 5a 33 0a 1e 0a 0e  49 6f 54 6c 61 62 2d 73
                                    75 70 70 6f 72 74 12 06  bc df 58 df f7 3c 18 01
                                    20 06 28 04 12 0d 42 69  6c 6c 69 6f 6e 49 6f 5
                                    31 32 33 18 00 20 01                                       
[00:00:47.253,784] <inf> wifi_prov: prov_request_handler: Start parsing...
[00:00:47.253,814] <inf> wifi_prov: prov_set_config_handler: Set_config received...
[00:00:47.270,599] <inf> wpa_supp: wpa_printf_impl: wlan0: CTRL-EVENT-DSCP-POLICY clear_all
[00:00:54.448,669] <inf> wpa_supp: wpa_printf_impl: wlan0: SME: Trying to authenticate with bc:df:58:df:f7:3c (SSID='IoTlab-support' freq=2437 MHz)
[00:00:54.466,217] <inf> wifi_nrf: wifi_nrf_wpa_supp_authenticate: wifi_nrf_wpa_supp_authenticate:Authentication request sent successfully

[00:00:54.727,111] <inf> wpa_supp: wpa_printf_impl: wlan0: Trying to associate with bc:df:58:df:f7:3c (SSID='IoTlab-support' freq=2437 MHz)
[00:00:54.732,727] <inf> wifi_nrf: wifi_nrf_wpa_supp_associate: wifi_nrf_wpa_supp_associate: Association request sent successfully

[00:00:54.756,591] <inf> wpa_supp: wpa_printf_impl: wpa_drv_zep_get_ssid: SSID size: 14

[00:00:54.756,774] <inf> wpa_supp: wpa_printf_impl: wlan0: Associated with bc:df:58:df:f7:3c
[00:00:54.756,927] <inf> wpa_supp: wpa_printf_impl: wlan0: CTRL-EVENT-SUBNET-STATUS-UPDATE status=0
[00:00:54.761,474] <inf> wpa_supp: wpa_printf_impl: wpa_drv_zep_get_ssid: SSID size: 14

[00:00:54.780,792] <inf> wpa_supp: wpa_printf_impl: wlan0: WPA: Key negotiation completed with bc:df:58:df:f7:3c [PTK=CCMP GTK=CCMP]
[00:00:54.781,036] <inf> wpa_supp: wpa_printf_impl: wlan0: CTRL-EVENT-CONNECTED - Connection to bc:df:58:df:f7:3c completed [id=0 id_str=]
[00:00:54.877,807] <inf> net_dhcpv4: dhcpv4_handle_msg_ack: Received: 192.168.86.21
[00:00:54.877,960] <inf> net_config: ipv4_addr_add_handler: IPv4 address: 192.168.86.21
[00:00:54.877,960] <inf> net_config: ipv4_addr_add_handler: Lease time: 86400 seconds
[00:00:54.877,990] <inf> net_config: ipv4_addr_add_handler: Subnet: 255.255.255.0
[00:00:54.878,051] <inf> net_config: ipv4_addr_add_handler: Router: 192.168.86.1
[00:00:55.281,494] <inf> wifi_prov: wifi_set_power_state: Set power save: disable
# Button 1 pressed to enable power saving mode
Power saving mode on
[00:01:04.601,837] <inf> wifi_prov: wifi_set_power_state: Set power save: enable
# Button 2 pressed to ping
PING 8.8.8.8
28 bytes from 8.8.8.8 to 192.168.86.21: icmp_seq=0 ttl=114 time=68 ms
28 bytes from 8.8.8.8 to 192.168.86.21: icmp_seq=1 ttl=114 time=38 ms
28 bytes from 8.8.8.8 to 192.168.86.21: icmp_seq=2 ttl=114 time=40 ms
